<?xml version="1.0" encoding="UTF-8"?>
<!-- Generated by org.testng.reporters.JUnitReportReporter -->
<testsuite hostname="DESKTOP-I8MP690" failures="0" tests="1" name="createAcccountTestcase.validTestData" time="12.211" errors="0" timestamp="2024-01-13T12:43:33 IST" skipped="0">
  <testcase classname="createAcccountTestcase.validTestData" name="positiveScenario" time="12.211"/>
</testsuite> <!-- createAcccountTestcase.validTestData -->
