<?xml version="1.0" encoding="UTF-8"?>
<!-- Generated by org.testng.reporters.JUnitReportReporter -->
<testsuite hostname="DESKTOP-I8MP690" failures="0" tests="1" name="loginTestCases.validLoginTestData" time="13.846" errors="0" timestamp="2024-01-13T19:27:29 IST" skipped="0">
  <testcase classname="loginTestCases.validLoginTestData" name="validTest" time="13.846"/>
</testsuite> <!-- loginTestCases.validLoginTestData -->
